<?xml version="1.0" encoding="UTF-8"?>
<testng-results ignored="0" total="1" passed="1" failed="0" skipped="0">
  <reporter-output>
  </reporter-output>
  <suite started-at="2022-01-30T16:13:25Z" name="Default suite" finished-at="2022-01-30T16:13:39Z" duration-ms="14280">
    <groups>
    </groups>
    <test started-at="2022-01-30T16:13:25Z" name="Default test" finished-at="2022-01-30T16:13:39Z" duration-ms="14280">
      <class name="SwagLab.SwagDemo.Base">
        <test-method signature="InvokeDriver()[pri:0, instance:SwagLab.SwagDemo.Base@14008db3]" started-at="2022-01-30T08:13:25Z" name="InvokeDriver" finished-at="2022-01-30T08:13:39Z" duration-ms="14241" status="PASS">
          <reporter-output>
          </reporter-output>
        </test-method> <!-- InvokeDriver -->
      </class> <!-- SwagLab.SwagDemo.Base -->
    </test> <!-- Default test -->
  </suite> <!-- Default suite -->
</testng-results>
